  [25-Apr-2023 22:32:26 Europe/Berlin] PHP Warning:  Undefined variable $xp_final in C:\xampp\htdocs\dex_pokemon\listar_time.php on line 104
[25-Apr-2023 22:32:26 Europe/Berlin] PHP Fatal error:  Uncaught mysqli_sql_exception: You have an error in your SQL syntax; check the manual that corresponds to your MariaDB server version for the right syntax to use near 'where xpshare=1 and status=1' at line 1 in C:\xampp\htdocs\dex_pokemon\listar_time.php:105
Stack trace:
#0 C:\xampp\htdocs\dex_pokemon\listar_time.php(105): mysqli_query(Object(mysqli), 'UPDATE poke SET...')
#1 {main}
  thrown in C:\xampp\htdocs\dex_pokemon\listar_time.php on line 105
[25-Apr-2023 22:56:51 Europe/Berlin] PHP Warning:  Undefined variable $rs in C:\xampp\htdocs\dex_pokemon\teste.php on line 17
[25-Apr-2023 23:45:50 Europe/Berlin] PHP Warning:  Undefined array key "del" in C:\xampp\htdocs\dex_pokemon\listar_time.php on line 17
[25-Apr-2023 23:50:12 Europe/Berlin] PHP Fatal error:  Cannot redeclare xpsahre() (previously declared in C:\xampp\htdocs\dex_pokemon\helpers\funcao.php:23) in C:\xampp\htdocs\dex_pokemon\listar_time.php on line 74
[26-Apr-2023 00:16:17 Europe/Berlin] PHP Warning:  file_get_contents(https://pokeapi.co/api/v2/pokemon/axel): Failed to open stream: HTTP request failed! HTTP/1.1 404 Not Found
 in C:\xampp\htdocs\dex_pokemon\novo_poke.php on line 29
[26-Apr-2023 00:16:17 Europe/Berlin] PHP Warning:  Trying to access array offset on value of type null in C:\xampp\htdocs\dex_pokemon\novo_poke.php on line 36
[26-Apr-2023 00:16:17 Europe/Berlin] PHP Warning:  foreach() argument must be of type array|object, null given in C:\xampp\htdocs\dex_pokemon\novo_poke.php on line 36
[26-Apr-2023 00:16:17 Europe/Berlin] PHP Warning:  Trying to access array offset on value of type null in C:\xampp\htdocs\dex_pokemon\novo_poke.php on line 44
[26-Apr-2023 00:16:17 Europe/Berlin] PHP Warning:  Trying to access array offset on value of type null in C:\xampp\htdocs\dex_pokemon\novo_poke.php on line 45
[26-Apr-2023 00:16:17 Europe/Berlin] PHP Warning:  Trying to access array offset on value of type null in C:\xampp\htdocs\dex_pokemon\novo_poke.php on line 46
[26-Apr-2023 00:16:17 Europe/Berlin] PHP Warning:  Trying to access array offset on value of type null in C:\xampp\htdocs\dex_pokemon\novo_poke.php on line 47
[26-Apr-2023 00:16:17 Europe/Berlin] PHP Warning:  Trying to access array offset on value of type null in C:\xampp\htdocs\dex_pokemon\novo_poke.php on line 48
[26-Apr-2023 00:16:17 Europe/Berlin] PHP Warning:  Trying to access array offset on value of type null in C:\xampp\htdocs\dex_pokemon\novo_poke.php on line 49
[26-Apr-2023 00:16:17 Europe/Berlin] PHP Warning:  Undefined array key "tcap" in C:\xampp\htdocs\dex_pokemon\novo_poke.php on line 59
[26-Apr-2023 00:16:17 Europe/Berlin] PHP Fatal error:  Uncaught mysqli_sql_exception: You have an error in your SQL syntax; check the manual that corresponds to your MariaDB server version for the right syntax to use near ' , , , , , 12, '','Bite / Slash / Taunt / Assurance ', 0,'shiny')' at line 2 in C:\xampp\htdocs\dex_pokemon\novo_poke.php:68
Stack trace:
#0 C:\xampp\htdocs\dex_pokemon\novo_poke.php(68): mysqli->query('INSERT INTO pok...')
#1 {main}
  thrown in C:\xampp\htdocs\dex_pokemon\novo_poke.php on line 68
[26-Apr-2023 00:18:02 Europe/Berlin] PHP Warning:  Undefined array key "tcap" in C:\xampp\htdocs\dex_pokemon\novo_poke.php on line 59
[26-Apr-2023 00:20:53 Europe/Berlin] PHP Warning:  Undefined variable $tcap in C:\xampp\htdocs\dex_pokemon\novo_poke.php on line 66
